# JRE version: Java(TM) SE Runtime Environment (8.0_131-b11) (build 1.8.0_131-b11)
# Java VM: Java HotSpot(TM) 64-Bit Server VM (25.131-b11 mixed mode windows-amd64 compressed oops)
Heap:
 PSYoungGen      total 126464K, used 55592K [0x000000076b580000, 0x0000000777500000, 0x00000007c0000000)
  eden space 113152K, 46% used [0x000000076b580000,0x000000076e89d938,0x0000000772400000)
  from space 13312K, 24% used [0x0000000772400000,0x000000077272ca00,0x0000000773100000)
  to   space 13824K, 0% used [0x0000000776780000,0x0000000776780000,0x0000000777500000)
 ParOldGen       total 95232K, used 17830K [0x00000006c2000000, 0x00000006c7d00000, 0x000000076b580000)
  object space 95232K, 18% used [0x00000006c2000000,0x00000006c31699f0,0x00000006c7d00000)
 Metaspace       used 37279K, capacity 39239K, committed 39296K, reserved 1083392K
  class space    used 5104K, capacity 5491K, committed 5504K, reserved 1048576K
GC Heap History (10 events):
Event: 20.401 GC heap before
{Heap before GC invocations=7 (full 1):
 PSYoungGen      total 70144K, used 69980K [0x000000076b580000, 0x0000000770980000, 0x00000007c0000000)
  eden space 63488K, 100% used [0x000000076b580000,0x000000076f380000,0x000000076f380000)
  from space 6656K, 97% used [0x000000076f500000,0x000000076fb570d8,0x000000076fb80000)
  to   space 11264K, 0% used [0x000000076fe80000,0x000000076fe80000,0x0000000770980000)
 ParOldGen       total 73216K, used 7963K [0x00000006c2000000, 0x00000006c6780000, 0x000000076b580000)
  object space 73216K, 10% used [0x00000006c2000000,0x00000006c27c6c50,0x00000006c6780000)
 Metaspace       used 30315K, capacity 31985K, committed 32256K, reserved 1077248K
  class space    used 4227K, capacity 4577K, committed 4608K, reserved 1048576K
Event: 20.407 GC heap after
Heap after GC invocations=7 (full 1):
 PSYoungGen      total 72704K, used 9571K [0x000000076b580000, 0x0000000770900000, 0x00000007c0000000)
  eden space 61952K, 0% used [0x000000076b580000,0x000000076b580000,0x000000076f200000)
  from space 10752K, 89% used [0x000000076fe80000,0x00000007707d8c98,0x0000000770900000)
  to   space 11776K, 0% used [0x000000076f200000,0x000000076f200000,0x000000076fd80000)
 ParOldGen       total 73216K, used 7971K [0x00000006c2000000, 0x00000006c6780000, 0x000000076b580000)
  object space 73216K, 10% used [0x00000006c2000000,0x00000006c27c8c50,0x00000006c6780000)
 Metaspace       used 30315K, capacity 31985K, committed 32256K, reserved 1077248K
  class space    used 4227K, capacity 4577K, committed 4608K, reserved 1048576K
}
Event: 20.830 GC heap before
{Heap before GC invocations=8 (full 1):
 PSYoungGen      total 72704K, used 71523K [0x000000076b580000, 0x0000000770900000, 0x00000007c0000000)
  eden space 61952K, 100% used [0x000000076b580000,0x000000076f200000,0x000000076f200000)
  from space 10752K, 89% used [0x000000076fe80000,0x00000007707d8c98,0x0000000770900000)
  to   space 11776K, 0% used [0x000000076f200000,0x000000076f200000,0x000000076fd80000)
 ParOldGen       total 73216K, used 7971K [0x00000006c2000000, 0x00000006c6780000, 0x000000076b580000)
  object space 73216K, 10% used [0x00000006c2000000,0x00000006c27c8c50,0x00000006c6780000)
 Metaspace       used 32626K, capacity 34351K, committed 34560K, reserved 1079296K
  class space    used 4464K, capacity 4790K, committed 4864K, reserved 1048576K
Event: 20.839 GC heap after
Heap after GC invocations=8 (full 1):
 PSYoungGen      total 73728K, used 11751K [0x000000076b580000, 0x0000000773e00000, 0x00000007c0000000)
  eden space 61952K, 0% used [0x000000076b580000,0x000000076b580000,0x000000076f200000)
  from space 11776K, 99% used [0x000000076f200000,0x000000076fd79db8,0x000000076fd80000)
  to   space 13312K, 0% used [0x0000000773100000,0x0000000773100000,0x0000000773e00000)
 ParOldGen       total 73216K, used 8776K [0x00000006c2000000, 0x00000006c6780000, 0x000000076b580000)
  object space 73216K, 11% used [0x00000006c2000000,0x00000006c28922f8,0x00000006c6780000)
 Metaspace       used 32626K, capacity 34351K, committed 34560K, reserved 1079296K
  class space    used 4464K, capacity 4790K, committed 4864K, reserved 1048576K
}
Event: 21.086 GC heap before
{Heap before GC invocations=9 (full 1):
 PSYoungGen      total 73728K, used 49589K [0x000000076b580000, 0x0000000773e00000, 0x00000007c0000000)
  eden space 61952K, 61% used [0x000000076b580000,0x000000076da73750,0x000000076f200000)
  from space 11776K, 99% used [0x000000076f200000,0x000000076fd79db8,0x000000076fd80000)
  to   space 13312K, 0% used [0x0000000773100000,0x0000000773100000,0x0000000773e00000)
 ParOldGen       total 73216K, used 8776K [0x00000006c2000000, 0x00000006c6780000, 0x000000076b580000)
  object space 73216K, 11% used [0x00000006c2000000,0x00000006c28922f8,0x00000006c6780000)
 Metaspace       used 33638K, capacity 35355K, committed 35456K, reserved 1079296K
  class space    used 4602K, capacity 4930K, committed 4992K, reserved 1048576K
Event: 21.101 GC heap after
Heap after GC invocations=9 (full 1):
 PSYoungGen      total 126464K, used 10188K [0x000000076b580000, 0x0000000774380000, 0x00000007c0000000)
  eden space 113152K, 0% used [0x000000076b580000,0x000000076b580000,0x0000000772400000)
  from space 13312K, 76% used [0x0000000773100000,0x0000000773af30a8,0x0000000773e00000)
  to   space 13312K, 0% used [0x0000000772400000,0x0000000772400000,0x0000000773100000)
 ParOldGen       total 73216K, used 11154K [0x00000006c2000000, 0x00000006c6780000, 0x000000076b580000)
  object space 73216K, 15% used [0x00000006c2000000,0x00000006c2ae4850,0x00000006c6780000)
 Metaspace       used 33638K, capacity 35355K, committed 35456K, reserved 1079296K
  class space    used 4602K, capacity 4930K, committed 4992K, reserved 1048576K
}
Event: 21.101 GC heap before
{Heap before GC invocations=10 (full 2):
 PSYoungGen      total 126464K, used 10188K [0x000000076b580000, 0x0000000774380000, 0x00000007c0000000)
  eden space 113152K, 0% used [0x000000076b580000,0x000000076b580000,0x0000000772400000)
  from space 13312K, 76% used [0x0000000773100000,0x0000000773af30a8,0x0000000773e00000)
  to   space 13312K, 0% used [0x0000000772400000,0x0000000772400000,0x0000000773100000)
 ParOldGen       total 73216K, used 11154K [0x00000006c2000000, 0x00000006c6780000, 0x000000076b580000)
  object space 73216K, 15% used [0x00000006c2000000,0x00000006c2ae4850,0x00000006c6780000)
 Metaspace       used 33638K, capacity 35355K, committed 35456K, reserved 1079296K
  class space    used 4602K, capacity 4930K, committed 4992K, reserved 1048576K
Event: 21.158 GC heap after
Heap after GC invocations=10 (full 2):
 PSYoungGen      total 126464K, used 0K [0x000000076b580000, 0x0000000774380000, 0x00000007c0000000)
  eden space 113152K, 0% used [0x000000076b580000,0x000000076b580000,0x0000000772400000)
  from space 13312K, 0% used [0x0000000773100000,0x0000000773100000,0x0000000773e00000)
  to   space 13312K, 0% used [0x0000000772400000,0x0000000772400000,0x0000000773100000)
 ParOldGen       total 95232K, used 17822K [0x00000006c2000000, 0x00000006c7d00000, 0x000000076b580000)
  object space 95232K, 18% used [0x00000006c2000000,0x00000006c31679f0,0x00000006c7d00000)
 Metaspace       used 33638K, capacity 35355K, committed 35456K, reserved 1079296K
  class space    used 4602K, capacity 4930K, committed 4992K, reserved 1048576K
}
Event: 21.994 GC heap before
{Heap before GC invocations=11 (full 2):
 PSYoungGen      total 126464K, used 113152K [0x000000076b580000, 0x0000000774380000, 0x00000007c0000000)
  eden space 113152K, 100% used [0x000000076b580000,0x0000000772400000,0x0000000772400000)
  from space 13312K, 0% used [0x0000000773100000,0x0000000773100000,0x0000000773e00000)
  to   space 13312K, 0% used [0x0000000772400000,0x0000000772400000,0x0000000773100000)
 ParOldGen       total 95232K, used 17822K [0x00000006c2000000, 0x00000006c7d00000, 0x000000076b580000)
  object space 95232K, 18% used [0x00000006c2000000,0x00000006c31679f0,0x00000006c7d00000)
 Metaspace       used 36984K, capacity 38903K, committed 39040K, reserved 1083392K
  class space    used 5056K, capacity 5446K, committed 5504K, reserved 1048576K
Event: 22.000 GC heap after
Heap after GC invocations=11 (full 2):
 PSYoungGen      total 126464K, used 3250K [0x000000076b580000, 0x0000000777500000, 0x00000007c0000000)
  eden space 113152K, 0% used [0x000000076b580000,0x000000076b580000,0x0000000772400000)
  from space 13312K, 24% used [0x0000000772400000,0x000000077272ca00,0x0000000773100000)
  to   space 13824K, 0% used [0x0000000776780000,0x0000000776780000,0x0000000777500000)
 ParOldGen       total 95232K, used 17830K [0x00000006c2000000, 0x00000006c7d00000, 0x000000076b580000)
  object space 95232K, 18% used [0x00000006c2000000,0x00000006c31699f0,0x00000006c7d00000)
 Metaspace       used 36984K, capacity 38903K, committed 39040K, reserved 1083392K
  class space    used 5056K, capacity 5446K, committed 5504K, reserved 1048576K
}

